[21-May-2021 07:09:45 UTC] PHP Warning:  Invalid argument supplied for foreach() in /home/jddreamsnetwork/public_html/razorpay/verify.php on line 89
[21-May-2021 14:43:52 UTC] PHP Parse error:  syntax error, unexpected end of file in /home/jddreamsnetwork/public_html/razorpay/verify.php on line 260
[21-May-2021 14:47:14 UTC] PHP Parse error:  syntax error, unexpected end of file in /home/jddreamsnetwork/public_html/razorpay/verify.php on line 260
[21-May-2021 14:47:21 UTC] PHP Parse error:  syntax error, unexpected end of file in /home/jddreamsnetwork/public_html/razorpay/verify.php on line 260
[21-May-2021 14:47:41 UTC] PHP Warning:  mysqli_fetch_array() expects parameter 1 to be mysqli_result, boolean given in /home/jddreamsnetwork/public_html/razorpay/verify.php on line 200
[21-May-2021 14:56:03 UTC] PHP Warning:  mysqli_fetch_array() expects parameter 1 to be mysqli_result, boolean given in /home/jddreamsnetwork/public_html/razorpay/verify.php on line 200
[21-May-2021 14:57:54 UTC] PHP Warning:  mysqli_fetch_array() expects parameter 1 to be mysqli_result, boolean given in /home/jddreamsnetwork/public_html/razorpay/verify.php on line 200
[21-May-2021 15:08:04 UTC] PHP Warning:  mysqli_fetch_array() expects parameter 1 to be mysqli_result, boolean given in /home/jddreamsnetwork/public_html/razorpay/verify.php on line 200
[21-May-2021 15:09:00 UTC] PHP Fatal error:  Uncaught exception 'Razorpay\Api\Errors\BadRequestError' with message 'The amount must be atleast INR 1.00' in /home/jddreamsnetwork/public_html/razorpay/razorpay-php/src/Request.php:120
Stack trace:
#0 /home/jddreamsnetwork/public_html/razorpay/razorpay-php/src/Request.php(90): Razorpay\Api\Request->processError(Array, 400, Object(Requests_Response))
#1 /home/jddreamsnetwork/public_html/razorpay/razorpay-php/src/Request.php(44): Razorpay\Api\Request->checkErrors(Object(Requests_Response))
#2 /home/jddreamsnetwork/public_html/razorpay/razorpay-php/src/Entity.php(59): Razorpay\Api\Request->request('POST', 'orders/', Array)
#3 /home/jddreamsnetwork/public_html/razorpay/razorpay-php/src/Entity.php(15): Razorpay\Api\Entity->request('POST', 'orders/', Array)
#4 /home/jddreamsnetwork/public_html/razorpay/razorpay-php/src/Order.php(12): Razorpay\Api\Entity->create(Array)
#5 /home/jddreamsnetwork/public_html/razorpay/index.php(36): Razorpay\Api\Order->create(Array)
#6 {main}
  thrown in /home/jddreamsnetwork/public_html/razorpay/razorpay-php/src/Request.php on line 120
[21-May-2021 15:09:05 UTC] PHP Fatal error:  Uncaught exception 'Razorpay\Api\Errors\BadRequestError' with message 'The amount must be atleast INR 1.00' in /home/jddreamsnetwork/public_html/razorpay/razorpay-php/src/Request.php:120
Stack trace:
#0 /home/jddreamsnetwork/public_html/razorpay/razorpay-php/src/Request.php(90): Razorpay\Api\Request->processError(Array, 400, Object(Requests_Response))
#1 /home/jddreamsnetwork/public_html/razorpay/razorpay-php/src/Request.php(44): Razorpay\Api\Request->checkErrors(Object(Requests_Response))
#2 /home/jddreamsnetwork/public_html/razorpay/razorpay-php/src/Entity.php(59): Razorpay\Api\Request->request('POST', 'orders/', Array)
#3 /home/jddreamsnetwork/public_html/razorpay/razorpay-php/src/Entity.php(15): Razorpay\Api\Entity->request('POST', 'orders/', Array)
#4 /home/jddreamsnetwork/public_html/razorpay/razorpay-php/src/Order.php(12): Razorpay\Api\Entity->create(Array)
#5 /home/jddreamsnetwork/public_html/razorpay/index.php(36): Razorpay\Api\Order->create(Array)
#6 {main}
  thrown in /home/jddreamsnetwork/public_html/razorpay/razorpay-php/src/Request.php on line 120
[21-May-2021 15:09:45 UTC] PHP Fatal error:  Uncaught exception 'Razorpay\Api\Errors\BadRequestError' with message 'The amount must be atleast INR 1.00' in /home/jddreamsnetwork/public_html/razorpay/razorpay-php/src/Request.php:120
Stack trace:
#0 /home/jddreamsnetwork/public_html/razorpay/razorpay-php/src/Request.php(90): Razorpay\Api\Request->processError(Array, 400, Object(Requests_Response))
#1 /home/jddreamsnetwork/public_html/razorpay/razorpay-php/src/Request.php(44): Razorpay\Api\Request->checkErrors(Object(Requests_Response))
#2 /home/jddreamsnetwork/public_html/razorpay/razorpay-php/src/Entity.php(59): Razorpay\Api\Request->request('POST', 'orders/', Array)
#3 /home/jddreamsnetwork/public_html/razorpay/razorpay-php/src/Entity.php(15): Razorpay\Api\Entity->request('POST', 'orders/', Array)
#4 /home/jddreamsnetwork/public_html/razorpay/razorpay-php/src/Order.php(12): Razorpay\Api\Entity->create(Array)
#5 /home/jddreamsnetwork/public_html/razorpay/index.php(36): Razorpay\Api\Order->create(Array)
#6 {main}
  thrown in /home/jddreamsnetwork/public_html/razorpay/razorpay-php/src/Request.php on line 120
[21-May-2021 15:12:13 UTC] PHP Fatal error:  Uncaught exception 'Razorpay\Api\Errors\BadRequestError' with message 'The amount must be atleast INR 1.00' in /home/jddreamsnetwork/public_html/razorpay/razorpay-php/src/Request.php:120
Stack trace:
#0 /home/jddreamsnetwork/public_html/razorpay/razorpay-php/src/Request.php(90): Razorpay\Api\Request->processError(Array, 400, Object(Requests_Response))
#1 /home/jddreamsnetwork/public_html/razorpay/razorpay-php/src/Request.php(44): Razorpay\Api\Request->checkErrors(Object(Requests_Response))
#2 /home/jddreamsnetwork/public_html/razorpay/razorpay-php/src/Entity.php(59): Razorpay\Api\Request->request('POST', 'orders/', Array)
#3 /home/jddreamsnetwork/public_html/razorpay/razorpay-php/src/Entity.php(15): Razorpay\Api\Entity->request('POST', 'orders/', Array)
#4 /home/jddreamsnetwork/public_html/razorpay/razorpay-php/src/Order.php(12): Razorpay\Api\Entity->create(Array)
#5 /home/jddreamsnetwork/public_html/razorpay/index.php(36): Razorpay\Api\Order->create(Array)
#6 {main}
  thrown in /home/jddreamsnetwork/public_html/razorpay/razorpay-php/src/Request.php on line 120
[21-May-2021 15:12:29 UTC] PHP Fatal error:  Uncaught exception 'Razorpay\Api\Errors\BadRequestError' with message 'The amount must be atleast INR 1.00' in /home/jddreamsnetwork/public_html/razorpay/razorpay-php/src/Request.php:120
Stack trace:
#0 /home/jddreamsnetwork/public_html/razorpay/razorpay-php/src/Request.php(90): Razorpay\Api\Request->processError(Array, 400, Object(Requests_Response))
#1 /home/jddreamsnetwork/public_html/razorpay/razorpay-php/src/Request.php(44): Razorpay\Api\Request->checkErrors(Object(Requests_Response))
#2 /home/jddreamsnetwork/public_html/razorpay/razorpay-php/src/Entity.php(59): Razorpay\Api\Request->request('POST', 'orders/', Array)
#3 /home/jddreamsnetwork/public_html/razorpay/razorpay-php/src/Entity.php(15): Razorpay\Api\Entity->request('POST', 'orders/', Array)
#4 /home/jddreamsnetwork/public_html/razorpay/razorpay-php/src/Order.php(12): Razorpay\Api\Entity->create(Array)
#5 /home/jddreamsnetwork/public_html/razorpay/index.php(36): Razorpay\Api\Order->create(Array)
#6 {main}
  thrown in /home/jddreamsnetwork/public_html/razorpay/razorpay-php/src/Request.php on line 120
[21-May-2021 15:13:16 UTC] PHP Fatal error:  Uncaught exception 'Razorpay\Api\Errors\BadRequestError' with message 'The amount must be atleast INR 1.00' in /home/jddreamsnetwork/public_html/razorpay/razorpay-php/src/Request.php:120
Stack trace:
#0 /home/jddreamsnetwork/public_html/razorpay/razorpay-php/src/Request.php(90): Razorpay\Api\Request->processError(Array, 400, Object(Requests_Response))
#1 /home/jddreamsnetwork/public_html/razorpay/razorpay-php/src/Request.php(44): Razorpay\Api\Request->checkErrors(Object(Requests_Response))
#2 /home/jddreamsnetwork/public_html/razorpay/razorpay-php/src/Entity.php(59): Razorpay\Api\Request->request('POST', 'orders/', Array)
#3 /home/jddreamsnetwork/public_html/razorpay/razorpay-php/src/Entity.php(15): Razorpay\Api\Entity->request('POST', 'orders/', Array)
#4 /home/jddreamsnetwork/public_html/razorpay/razorpay-php/src/Order.php(12): Razorpay\Api\Entity->create(Array)
#5 /home/jddreamsnetwork/public_html/razorpay/index.php(36): Razorpay\Api\Order->create(Array)
#6 {main}
  thrown in /home/jddreamsnetwork/public_html/razorpay/razorpay-php/src/Request.php on line 120
[21-May-2021 15:13:22 UTC] PHP Fatal error:  Uncaught exception 'Razorpay\Api\Errors\BadRequestError' with message 'The amount must be atleast INR 1.00' in /home/jddreamsnetwork/public_html/razorpay/razorpay-php/src/Request.php:120
Stack trace:
#0 /home/jddreamsnetwork/public_html/razorpay/razorpay-php/src/Request.php(90): Razorpay\Api\Request->processError(Array, 400, Object(Requests_Response))
#1 /home/jddreamsnetwork/public_html/razorpay/razorpay-php/src/Request.php(44): Razorpay\Api\Request->checkErrors(Object(Requests_Response))
#2 /home/jddreamsnetwork/public_html/razorpay/razorpay-php/src/Entity.php(59): Razorpay\Api\Request->request('POST', 'orders/', Array)
#3 /home/jddreamsnetwork/public_html/razorpay/razorpay-php/src/Entity.php(15): Razorpay\Api\Entity->request('POST', 'orders/', Array)
#4 /home/jddreamsnetwork/public_html/razorpay/razorpay-php/src/Order.php(12): Razorpay\Api\Entity->create(Array)
#5 /home/jddreamsnetwork/public_html/razorpay/index.php(36): Razorpay\Api\Order->create(Array)
#6 {main}
  thrown in /home/jddreamsnetwork/public_html/razorpay/razorpay-php/src/Request.php on line 120
[21-May-2021 15:14:16 UTC] PHP Fatal error:  Uncaught exception 'Razorpay\Api\Errors\BadRequestError' with message 'The amount must be atleast INR 1.00' in /home/jddreamsnetwork/public_html/razorpay/razorpay-php/src/Request.php:120
Stack trace:
#0 /home/jddreamsnetwork/public_html/razorpay/razorpay-php/src/Request.php(90): Razorpay\Api\Request->processError(Array, 400, Object(Requests_Response))
#1 /home/jddreamsnetwork/public_html/razorpay/razorpay-php/src/Request.php(44): Razorpay\Api\Request->checkErrors(Object(Requests_Response))
#2 /home/jddreamsnetwork/public_html/razorpay/razorpay-php/src/Entity.php(59): Razorpay\Api\Request->request('POST', 'orders/', Array)
#3 /home/jddreamsnetwork/public_html/razorpay/razorpay-php/src/Entity.php(15): Razorpay\Api\Entity->request('POST', 'orders/', Array)
#4 /home/jddreamsnetwork/public_html/razorpay/razorpay-php/src/Order.php(12): Razorpay\Api\Entity->create(Array)
#5 /home/jddreamsnetwork/public_html/razorpay/index.php(36): Razorpay\Api\Order->create(Array)
#6 {main}
  thrown in /home/jddreamsnetwork/public_html/razorpay/razorpay-php/src/Request.php on line 120
[21-May-2021 15:14:25 UTC] PHP Fatal error:  Uncaught exception 'Razorpay\Api\Errors\BadRequestError' with message 'The amount must be atleast INR 1.00' in /home/jddreamsnetwork/public_html/razorpay/razorpay-php/src/Request.php:120
Stack trace:
#0 /home/jddreamsnetwork/public_html/razorpay/razorpay-php/src/Request.php(90): Razorpay\Api\Request->processError(Array, 400, Object(Requests_Response))
#1 /home/jddreamsnetwork/public_html/razorpay/razorpay-php/src/Request.php(44): Razorpay\Api\Request->checkErrors(Object(Requests_Response))
#2 /home/jddreamsnetwork/public_html/razorpay/razorpay-php/src/Entity.php(59): Razorpay\Api\Request->request('POST', 'orders/', Array)
#3 /home/jddreamsnetwork/public_html/razorpay/razorpay-php/src/Entity.php(15): Razorpay\Api\Entity->request('POST', 'orders/', Array)
#4 /home/jddreamsnetwork/public_html/razorpay/razorpay-php/src/Order.php(12): Razorpay\Api\Entity->create(Array)
#5 /home/jddreamsnetwork/public_html/razorpay/index.php(36): Razorpay\Api\Order->create(Array)
#6 {main}
  thrown in /home/jddreamsnetwork/public_html/razorpay/razorpay-php/src/Request.php on line 120
[21-May-2021 15:14:59 UTC] PHP Fatal error:  Uncaught exception 'Razorpay\Api\Errors\BadRequestError' with message 'The amount must be atleast INR 1.00' in /home/jddreamsnetwork/public_html/razorpay/razorpay-php/src/Request.php:120
Stack trace:
#0 /home/jddreamsnetwork/public_html/razorpay/razorpay-php/src/Request.php(90): Razorpay\Api\Request->processError(Array, 400, Object(Requests_Response))
#1 /home/jddreamsnetwork/public_html/razorpay/razorpay-php/src/Request.php(44): Razorpay\Api\Request->checkErrors(Object(Requests_Response))
#2 /home/jddreamsnetwork/public_html/razorpay/razorpay-php/src/Entity.php(59): Razorpay\Api\Request->request('POST', 'orders/', Array)
#3 /home/jddreamsnetwork/public_html/razorpay/razorpay-php/src/Entity.php(15): Razorpay\Api\Entity->request('POST', 'orders/', Array)
#4 /home/jddreamsnetwork/public_html/razorpay/razorpay-php/src/Order.php(12): Razorpay\Api\Entity->create(Array)
#5 /home/jddreamsnetwork/public_html/razorpay/index.php(36): Razorpay\Api\Order->create(Array)
#6 {main}
  thrown in /home/jddreamsnetwork/public_html/razorpay/razorpay-php/src/Request.php on line 120
[21-May-2021 15:16:03 UTC] PHP Fatal error:  Uncaught exception 'Razorpay\Api\Errors\BadRequestError' with message 'The amount must be atleast INR 1.00' in /home/jddreamsnetwork/public_html/razorpay/razorpay-php/src/Request.php:120
Stack trace:
#0 /home/jddreamsnetwork/public_html/razorpay/razorpay-php/src/Request.php(90): Razorpay\Api\Request->processError(Array, 400, Object(Requests_Response))
#1 /home/jddreamsnetwork/public_html/razorpay/razorpay-php/src/Request.php(44): Razorpay\Api\Request->checkErrors(Object(Requests_Response))
#2 /home/jddreamsnetwork/public_html/razorpay/razorpay-php/src/Entity.php(59): Razorpay\Api\Request->request('POST', 'orders/', Array)
#3 /home/jddreamsnetwork/public_html/razorpay/razorpay-php/src/Entity.php(15): Razorpay\Api\Entity->request('POST', 'orders/', Array)
#4 /home/jddreamsnetwork/public_html/razorpay/razorpay-php/src/Order.php(12): Razorpay\Api\Entity->create(Array)
#5 /home/jddreamsnetwork/public_html/razorpay/index.php(36): Razorpay\Api\Order->create(Array)
#6 {main}
  thrown in /home/jddreamsnetwork/public_html/razorpay/razorpay-php/src/Request.php on line 120
[21-May-2021 15:16:07 UTC] PHP Fatal error:  Uncaught exception 'Razorpay\Api\Errors\BadRequestError' with message 'The amount must be atleast INR 1.00' in /home/jddreamsnetwork/public_html/razorpay/razorpay-php/src/Request.php:120
Stack trace:
#0 /home/jddreamsnetwork/public_html/razorpay/razorpay-php/src/Request.php(90): Razorpay\Api\Request->processError(Array, 400, Object(Requests_Response))
#1 /home/jddreamsnetwork/public_html/razorpay/razorpay-php/src/Request.php(44): Razorpay\Api\Request->checkErrors(Object(Requests_Response))
#2 /home/jddreamsnetwork/public_html/razorpay/razorpay-php/src/Entity.php(59): Razorpay\Api\Request->request('POST', 'orders/', Array)
#3 /home/jddreamsnetwork/public_html/razorpay/razorpay-php/src/Entity.php(15): Razorpay\Api\Entity->request('POST', 'orders/', Array)
#4 /home/jddreamsnetwork/public_html/razorpay/razorpay-php/src/Order.php(12): Razorpay\Api\Entity->create(Array)
#5 /home/jddreamsnetwork/public_html/razorpay/index.php(36): Razorpay\Api\Order->create(Array)
#6 {main}
  thrown in /home/jddreamsnetwork/public_html/razorpay/razorpay-php/src/Request.php on line 120
[21-May-2021 15:16:32 UTC] PHP Fatal error:  Uncaught exception 'Razorpay\Api\Errors\BadRequestError' with message 'The amount must be atleast INR 1.00' in /home/jddreamsnetwork/public_html/razorpay/razorpay-php/src/Request.php:120
Stack trace:
#0 /home/jddreamsnetwork/public_html/razorpay/razorpay-php/src/Request.php(90): Razorpay\Api\Request->processError(Array, 400, Object(Requests_Response))
#1 /home/jddreamsnetwork/public_html/razorpay/razorpay-php/src/Request.php(44): Razorpay\Api\Request->checkErrors(Object(Requests_Response))
#2 /home/jddreamsnetwork/public_html/razorpay/razorpay-php/src/Entity.php(59): Razorpay\Api\Request->request('POST', 'orders/', Array)
#3 /home/jddreamsnetwork/public_html/razorpay/razorpay-php/src/Entity.php(15): Razorpay\Api\Entity->request('POST', 'orders/', Array)
#4 /home/jddreamsnetwork/public_html/razorpay/razorpay-php/src/Order.php(12): Razorpay\Api\Entity->create(Array)
#5 /home/jddreamsnetwork/public_html/razorpay/index.php(36): Razorpay\Api\Order->create(Array)
#6 {main}
  thrown in /home/jddreamsnetwork/public_html/razorpay/razorpay-php/src/Request.php on line 120
[21-May-2021 15:16:36 UTC] PHP Fatal error:  Uncaught exception 'Razorpay\Api\Errors\BadRequestError' with message 'The amount must be atleast INR 1.00' in /home/jddreamsnetwork/public_html/razorpay/razorpay-php/src/Request.php:120
Stack trace:
#0 /home/jddreamsnetwork/public_html/razorpay/razorpay-php/src/Request.php(90): Razorpay\Api\Request->processError(Array, 400, Object(Requests_Response))
#1 /home/jddreamsnetwork/public_html/razorpay/razorpay-php/src/Request.php(44): Razorpay\Api\Request->checkErrors(Object(Requests_Response))
#2 /home/jddreamsnetwork/public_html/razorpay/razorpay-php/src/Entity.php(59): Razorpay\Api\Request->request('POST', 'orders/', Array)
#3 /home/jddreamsnetwork/public_html/razorpay/razorpay-php/src/Entity.php(15): Razorpay\Api\Entity->request('POST', 'orders/', Array)
#4 /home/jddreamsnetwork/public_html/razorpay/razorpay-php/src/Order.php(12): Razorpay\Api\Entity->create(Array)
#5 /home/jddreamsnetwork/public_html/razorpay/index.php(36): Razorpay\Api\Order->create(Array)
#6 {main}
  thrown in /home/jddreamsnetwork/public_html/razorpay/razorpay-php/src/Request.php on line 120
[21-May-2021 15:16:51 UTC] PHP Fatal error:  Uncaught exception 'Razorpay\Api\Errors\BadRequestError' with message 'The amount must be atleast INR 1.00' in /home/jddreamsnetwork/public_html/razorpay/razorpay-php/src/Request.php:120
Stack trace:
#0 /home/jddreamsnetwork/public_html/razorpay/razorpay-php/src/Request.php(90): Razorpay\Api\Request->processError(Array, 400, Object(Requests_Response))
#1 /home/jddreamsnetwork/public_html/razorpay/razorpay-php/src/Request.php(44): Razorpay\Api\Request->checkErrors(Object(Requests_Response))
#2 /home/jddreamsnetwork/public_html/razorpay/razorpay-php/src/Entity.php(59): Razorpay\Api\Request->request('POST', 'orders/', Array)
#3 /home/jddreamsnetwork/public_html/razorpay/razorpay-php/src/Entity.php(15): Razorpay\Api\Entity->request('POST', 'orders/', Array)
#4 /home/jddreamsnetwork/public_html/razorpay/razorpay-php/src/Order.php(12): Razorpay\Api\Entity->create(Array)
#5 /home/jddreamsnetwork/public_html/razorpay/index.php(36): Razorpay\Api\Order->create(Array)
#6 {main}
  thrown in /home/jddreamsnetwork/public_html/razorpay/razorpay-php/src/Request.php on line 120
[21-May-2021 15:16:56 UTC] PHP Fatal error:  Uncaught exception 'Razorpay\Api\Errors\BadRequestError' with message 'The amount must be atleast INR 1.00' in /home/jddreamsnetwork/public_html/razorpay/razorpay-php/src/Request.php:120
Stack trace:
#0 /home/jddreamsnetwork/public_html/razorpay/razorpay-php/src/Request.php(90): Razorpay\Api\Request->processError(Array, 400, Object(Requests_Response))
#1 /home/jddreamsnetwork/public_html/razorpay/razorpay-php/src/Request.php(44): Razorpay\Api\Request->checkErrors(Object(Requests_Response))
#2 /home/jddreamsnetwork/public_html/razorpay/razorpay-php/src/Entity.php(59): Razorpay\Api\Request->request('POST', 'orders/', Array)
#3 /home/jddreamsnetwork/public_html/razorpay/razorpay-php/src/Entity.php(15): Razorpay\Api\Entity->request('POST', 'orders/', Array)
#4 /home/jddreamsnetwork/public_html/razorpay/razorpay-php/src/Order.php(12): Razorpay\Api\Entity->create(Array)
#5 /home/jddreamsnetwork/public_html/razorpay/index.php(36): Razorpay\Api\Order->create(Array)
#6 {main}
  thrown in /home/jddreamsnetwork/public_html/razorpay/razorpay-php/src/Request.php on line 120
[21-May-2021 15:29:42 UTC] PHP Fatal error:  Uncaught exception 'Requests_Exception' with message 'cURL error 6: Could not resolve host: api.razorpay.com' in /home/jddreamsnetwork/public_html/razorpay/razorpay-php/libs/Requests-1.6.1/library/Requests/Transport/cURL.php:280
Stack trace:
#0 /home/jddreamsnetwork/public_html/razorpay/razorpay-php/libs/Requests-1.6.1/library/Requests/Transport/cURL.php(123): Requests_Transport_cURL->process_response(false, Array)
#1 /home/jddreamsnetwork/public_html/razorpay/razorpay-php/libs/Requests-1.6.1/library/Requests.php(317): Requests_Transport_cURL->request('https://api.raz...', Array, Array, Array)
#2 /home/jddreamsnetwork/public_html/razorpay/razorpay-php/src/Request.php(42): Requests::request('https://api.raz...', Array, Array, 'POST', Array)
#3 /home/jddreamsnetwork/public_html/razorpay/razorpay-php/src/Entity.php(59): Razorpay\Api\Request->request('POST', 'orders/', Array)
#4 /home/jddreamsnetwork/public_html/razorpay/razorpay-php/src/Entity.php(15): Razorpay\Api\Entity->request('POST', 'orders/', Array)
#5 /h in /home/jddreamsnetwork/public_html/razorpay/razorpay-php/libs/Requests-1.6.1/library/Requests/Transport/cURL.php on line 280
[21-May-2021 15:29:53 UTC] PHP Fatal error:  Uncaught exception 'Requests_Exception' with message 'cURL error 6: Could not resolve host: api.razorpay.com' in /home/jddreamsnetwork/public_html/razorpay/razorpay-php/libs/Requests-1.6.1/library/Requests/Transport/cURL.php:280
Stack trace:
#0 /home/jddreamsnetwork/public_html/razorpay/razorpay-php/libs/Requests-1.6.1/library/Requests/Transport/cURL.php(123): Requests_Transport_cURL->process_response(false, Array)
#1 /home/jddreamsnetwork/public_html/razorpay/razorpay-php/libs/Requests-1.6.1/library/Requests.php(317): Requests_Transport_cURL->request('https://api.raz...', Array, Array, Array)
#2 /home/jddreamsnetwork/public_html/razorpay/razorpay-php/src/Request.php(42): Requests::request('https://api.raz...', Array, Array, 'POST', Array)
#3 /home/jddreamsnetwork/public_html/razorpay/razorpay-php/src/Entity.php(59): Razorpay\Api\Request->request('POST', 'orders/', Array)
#4 /home/jddreamsnetwork/public_html/razorpay/razorpay-php/src/Entity.php(15): Razorpay\Api\Entity->request('POST', 'orders/', Array)
#5 /h in /home/jddreamsnetwork/public_html/razorpay/razorpay-php/libs/Requests-1.6.1/library/Requests/Transport/cURL.php on line 280
[21-May-2021 15:55:45 UTC] PHP Warning:  mysqli_fetch_array() expects parameter 1 to be mysqli_result, boolean given in /home/jddreamsnetwork/public_html/razorpay/verify.php on line 200
[05-Mar-2024 07:04:13 UTC] PHP Fatal error:  Uncaught Requests_Exception: cURL error 60: SSL certificate problem: unable to get local issuer certificate in /cpaneldisk/home/skyshore/public_html/razorpay/razorpay-php/libs/Requests-1.6.1/library/Requests/Transport/cURL.php:280
Stack trace:
#0 /cpaneldisk/home/skyshore/public_html/razorpay/razorpay-php/libs/Requests-1.6.1/library/Requests/Transport/cURL.php(123): Requests_Transport_cURL->process_response(false, Array)
#1 /cpaneldisk/home/skyshore/public_html/razorpay/razorpay-php/libs/Requests-1.6.1/library/Requests.php(317): Requests_Transport_cURL->request('https://api.raz...', Array, Array, Array)
#2 /cpaneldisk/home/skyshore/public_html/razorpay/razorpay-php/src/Request.php(42): Requests::request('https://api.raz...', Array, Array, 'POST', Array)
#3 /cpaneldisk/home/skyshore/public_html/razorpay/razorpay-php/src/Entity.php(59): Razorpay\Api\Request->request('POST', 'https://api.raz...', Array)
#4 /cpaneldisk/home/skyshore/public_html/razorpay/razorpay-php/src/Entity.php(15): Razorpay\Api\Entity->reques in /cpaneldisk/home/skyshore/public_html/razorpay/razorpay-php/libs/Requests-1.6.1/library/Requests/Transport/cURL.php on line 280
[05-Mar-2024 07:05:03 UTC] PHP Fatal error:  Uncaught Error: Class 'Api' not found in /cpaneldisk/home/skyshore/public_html/razorpay/test.php:8
Stack trace:
#0 {main}
  thrown in /cpaneldisk/home/skyshore/public_html/razorpay/test.php on line 8
[05-Mar-2024 07:05:04 UTC] PHP Fatal error:  Uncaught Error: Class 'Api' not found in /cpaneldisk/home/skyshore/public_html/razorpay/test.php:8
Stack trace:
#0 {main}
  thrown in /cpaneldisk/home/skyshore/public_html/razorpay/test.php on line 8
[05-Mar-2024 07:05:04 UTC] PHP Fatal error:  Uncaught Error: Class 'Api' not found in /cpaneldisk/home/skyshore/public_html/razorpay/test.php:8
Stack trace:
#0 {main}
  thrown in /cpaneldisk/home/skyshore/public_html/razorpay/test.php on line 8
[05-Mar-2024 07:05:04 UTC] PHP Fatal error:  Uncaught Error: Class 'Api' not found in /cpaneldisk/home/skyshore/public_html/razorpay/test.php:8
Stack trace:
#0 {main}
  thrown in /cpaneldisk/home/skyshore/public_html/razorpay/test.php on line 8
[05-Mar-2024 07:05:16 UTC] PHP Fatal error:  Uncaught Error: Class 'Api' not found in /cpaneldisk/home/skyshore/public_html/razorpay/test.php:8
Stack trace:
#0 {main}
  thrown in /cpaneldisk/home/skyshore/public_html/razorpay/test.php on line 8
[05-Mar-2024 07:05:16 UTC] PHP Fatal error:  Uncaught Error: Class 'Api' not found in /cpaneldisk/home/skyshore/public_html/razorpay/test.php:8
Stack trace:
#0 {main}
  thrown in /cpaneldisk/home/skyshore/public_html/razorpay/test.php on line 8
[05-Mar-2024 07:05:16 UTC] PHP Fatal error:  Uncaught Error: Class 'Api' not found in /cpaneldisk/home/skyshore/public_html/razorpay/test.php:8
Stack trace:
#0 {main}
  thrown in /cpaneldisk/home/skyshore/public_html/razorpay/test.php on line 8
[05-Mar-2024 07:05:17 UTC] PHP Fatal error:  Uncaught Error: Class 'Api' not found in /cpaneldisk/home/skyshore/public_html/razorpay/test.php:8
Stack trace:
#0 {main}
  thrown in /cpaneldisk/home/skyshore/public_html/razorpay/test.php on line 8
[05-Mar-2024 07:05:17 UTC] PHP Fatal error:  Uncaught Error: Class 'Api' not found in /cpaneldisk/home/skyshore/public_html/razorpay/test.php:8
Stack trace:
#0 {main}
  thrown in /cpaneldisk/home/skyshore/public_html/razorpay/test.php on line 8
[05-Mar-2024 07:05:17 UTC] PHP Fatal error:  Uncaught Error: Class 'Api' not found in /cpaneldisk/home/skyshore/public_html/razorpay/test.php:8
Stack trace:
#0 {main}
  thrown in /cpaneldisk/home/skyshore/public_html/razorpay/test.php on line 8
[05-Mar-2024 07:05:23 UTC] PHP Fatal error:  Uncaught Error: Class 'Api' not found in /cpaneldisk/home/skyshore/public_html/razorpay/test.php:8
Stack trace:
#0 {main}
  thrown in /cpaneldisk/home/skyshore/public_html/razorpay/test.php on line 8
[05-Mar-2024 07:05:24 UTC] PHP Fatal error:  Uncaught Error: Class 'Api' not found in /cpaneldisk/home/skyshore/public_html/razorpay/test.php:8
Stack trace:
#0 {main}
  thrown in /cpaneldisk/home/skyshore/public_html/razorpay/test.php on line 8
[05-Mar-2024 07:05:24 UTC] PHP Fatal error:  Uncaught Error: Class 'Api' not found in /cpaneldisk/home/skyshore/public_html/razorpay/test.php:8
Stack trace:
#0 {main}
  thrown in /cpaneldisk/home/skyshore/public_html/razorpay/test.php on line 8
[05-Mar-2024 07:05:24 UTC] PHP Fatal error:  Uncaught Error: Class 'Api' not found in /cpaneldisk/home/skyshore/public_html/razorpay/test.php:8
Stack trace:
#0 {main}
  thrown in /cpaneldisk/home/skyshore/public_html/razorpay/test.php on line 8
[05-Mar-2024 07:05:24 UTC] PHP Fatal error:  Uncaught Error: Class 'Api' not found in /cpaneldisk/home/skyshore/public_html/razorpay/test.php:8
Stack trace:
#0 {main}
  thrown in /cpaneldisk/home/skyshore/public_html/razorpay/test.php on line 8
[05-Mar-2024 07:05:35 UTC] PHP Warning:  session_start(): Cannot start session when headers already sent in /cpaneldisk/home/skyshore/public_html/razorpay/test.php on line 7
[05-Mar-2024 07:05:35 UTC] PHP Fatal error:  Uncaught Requests_Exception: cURL error 60: SSL certificate problem: unable to get local issuer certificate in /cpaneldisk/home/skyshore/public_html/razorpay/razorpay-php/libs/Requests-1.6.1/library/Requests/Transport/cURL.php:280
Stack trace:
#0 /cpaneldisk/home/skyshore/public_html/razorpay/razorpay-php/libs/Requests-1.6.1/library/Requests/Transport/cURL.php(123): Requests_Transport_cURL->process_response(false, Array)
#1 /cpaneldisk/home/skyshore/public_html/razorpay/razorpay-php/libs/Requests-1.6.1/library/Requests.php(317): Requests_Transport_cURL->request('https://api.raz...', Array, Array, Array)
#2 /cpaneldisk/home/skyshore/public_html/razorpay/razorpay-php/src/Request.php(42): Requests::request('https://api.raz...', Array, Array, 'POST', Array)
#3 /cpaneldisk/home/skyshore/public_html/razorpay/razorpay-php/src/Entity.php(59): Razorpay\Api\Request->request('POST', 'https://api.raz...', Array)
#4 /cpaneldisk/home/skyshore/public_html/razorpay/razorpay-php/src/Entity.php(15): Razorpay\Api\Entity->reques in /cpaneldisk/home/skyshore/public_html/razorpay/razorpay-php/libs/Requests-1.6.1/library/Requests/Transport/cURL.php on line 280
[05-Mar-2024 07:05:46 UTC] PHP Warning:  session_start(): Cannot start session when headers already sent in /cpaneldisk/home/skyshore/public_html/razorpay/test.php on line 8
[05-Mar-2024 07:05:46 UTC] PHP Fatal error:  Uncaught Requests_Exception: cURL error 60: SSL certificate problem: unable to get local issuer certificate in /cpaneldisk/home/skyshore/public_html/razorpay/razorpay-php/libs/Requests-1.6.1/library/Requests/Transport/cURL.php:280
Stack trace:
#0 /cpaneldisk/home/skyshore/public_html/razorpay/razorpay-php/libs/Requests-1.6.1/library/Requests/Transport/cURL.php(123): Requests_Transport_cURL->process_response(false, Array)
#1 /cpaneldisk/home/skyshore/public_html/razorpay/razorpay-php/libs/Requests-1.6.1/library/Requests.php(317): Requests_Transport_cURL->request('https://api.raz...', Array, Array, Array)
#2 /cpaneldisk/home/skyshore/public_html/razorpay/razorpay-php/src/Request.php(42): Requests::request('https://api.raz...', Array, Array, 'POST', Array)
#3 /cpaneldisk/home/skyshore/public_html/razorpay/razorpay-php/src/Entity.php(59): Razorpay\Api\Request->request('POST', 'https://api.raz...', Array)
#4 /cpaneldisk/home/skyshore/public_html/razorpay/razorpay-php/src/Entity.php(15): Razorpay\Api\Entity->reques in /cpaneldisk/home/skyshore/public_html/razorpay/razorpay-php/libs/Requests-1.6.1/library/Requests/Transport/cURL.php on line 280
[05-Mar-2024 07:05:46 UTC] PHP Warning:  session_start(): Cannot start session when headers already sent in /cpaneldisk/home/skyshore/public_html/razorpay/test.php on line 8
[05-Mar-2024 07:05:46 UTC] PHP Fatal error:  Uncaught Requests_Exception: cURL error 60: SSL certificate problem: unable to get local issuer certificate in /cpaneldisk/home/skyshore/public_html/razorpay/razorpay-php/libs/Requests-1.6.1/library/Requests/Transport/cURL.php:280
Stack trace:
#0 /cpaneldisk/home/skyshore/public_html/razorpay/razorpay-php/libs/Requests-1.6.1/library/Requests/Transport/cURL.php(123): Requests_Transport_cURL->process_response(false, Array)
#1 /cpaneldisk/home/skyshore/public_html/razorpay/razorpay-php/libs/Requests-1.6.1/library/Requests.php(317): Requests_Transport_cURL->request('https://api.raz...', Array, Array, Array)
#2 /cpaneldisk/home/skyshore/public_html/razorpay/razorpay-php/src/Request.php(42): Requests::request('https://api.raz...', Array, Array, 'POST', Array)
#3 /cpaneldisk/home/skyshore/public_html/razorpay/razorpay-php/src/Entity.php(59): Razorpay\Api\Request->request('POST', 'https://api.raz...', Array)
#4 /cpaneldisk/home/skyshore/public_html/razorpay/razorpay-php/src/Entity.php(15): Razorpay\Api\Entity->reques in /cpaneldisk/home/skyshore/public_html/razorpay/razorpay-php/libs/Requests-1.6.1/library/Requests/Transport/cURL.php on line 280
[05-Mar-2024 07:05:46 UTC] PHP Warning:  session_start(): Cannot start session when headers already sent in /cpaneldisk/home/skyshore/public_html/razorpay/test.php on line 8
[05-Mar-2024 07:05:47 UTC] PHP Fatal error:  Uncaught Requests_Exception: cURL error 60: SSL certificate problem: unable to get local issuer certificate in /cpaneldisk/home/skyshore/public_html/razorpay/razorpay-php/libs/Requests-1.6.1/library/Requests/Transport/cURL.php:280
Stack trace:
#0 /cpaneldisk/home/skyshore/public_html/razorpay/razorpay-php/libs/Requests-1.6.1/library/Requests/Transport/cURL.php(123): Requests_Transport_cURL->process_response(false, Array)
#1 /cpaneldisk/home/skyshore/public_html/razorpay/razorpay-php/libs/Requests-1.6.1/library/Requests.php(317): Requests_Transport_cURL->request('https://api.raz...', Array, Array, Array)
#2 /cpaneldisk/home/skyshore/public_html/razorpay/razorpay-php/src/Request.php(42): Requests::request('https://api.raz...', Array, Array, 'POST', Array)
#3 /cpaneldisk/home/skyshore/public_html/razorpay/razorpay-php/src/Entity.php(59): Razorpay\Api\Request->request('POST', 'https://api.raz...', Array)
#4 /cpaneldisk/home/skyshore/public_html/razorpay/razorpay-php/src/Entity.php(15): Razorpay\Api\Entity->reques in /cpaneldisk/home/skyshore/public_html/razorpay/razorpay-php/libs/Requests-1.6.1/library/Requests/Transport/cURL.php on line 280
[05-Mar-2024 07:05:56 UTC] PHP Warning:  session_start(): Cannot start session when headers already sent in /cpaneldisk/home/skyshore/public_html/razorpay/test.php on line 9
[05-Mar-2024 07:05:56 UTC] PHP Fatal error:  Uncaught Requests_Exception: cURL error 60: SSL certificate problem: unable to get local issuer certificate in /cpaneldisk/home/skyshore/public_html/razorpay/razorpay-php/libs/Requests-1.6.1/library/Requests/Transport/cURL.php:280
Stack trace:
#0 /cpaneldisk/home/skyshore/public_html/razorpay/razorpay-php/libs/Requests-1.6.1/library/Requests/Transport/cURL.php(123): Requests_Transport_cURL->process_response(false, Array)
#1 /cpaneldisk/home/skyshore/public_html/razorpay/razorpay-php/libs/Requests-1.6.1/library/Requests.php(317): Requests_Transport_cURL->request('https://api.raz...', Array, Array, Array)
#2 /cpaneldisk/home/skyshore/public_html/razorpay/razorpay-php/src/Request.php(42): Requests::request('https://api.raz...', Array, Array, 'POST', Array)
#3 /cpaneldisk/home/skyshore/public_html/razorpay/razorpay-php/src/Entity.php(59): Razorpay\Api\Request->request('POST', 'https://api.raz...', Array)
#4 /cpaneldisk/home/skyshore/public_html/razorpay/razorpay-php/src/Entity.php(15): Razorpay\Api\Entity->reques in /cpaneldisk/home/skyshore/public_html/razorpay/razorpay-php/libs/Requests-1.6.1/library/Requests/Transport/cURL.php on line 280
[05-Mar-2024 07:05:57 UTC] PHP Warning:  session_start(): Cannot start session when headers already sent in /cpaneldisk/home/skyshore/public_html/razorpay/test.php on line 9
[05-Mar-2024 07:05:57 UTC] PHP Fatal error:  Uncaught Requests_Exception: cURL error 60: SSL certificate problem: unable to get local issuer certificate in /cpaneldisk/home/skyshore/public_html/razorpay/razorpay-php/libs/Requests-1.6.1/library/Requests/Transport/cURL.php:280
Stack trace:
#0 /cpaneldisk/home/skyshore/public_html/razorpay/razorpay-php/libs/Requests-1.6.1/library/Requests/Transport/cURL.php(123): Requests_Transport_cURL->process_response(false, Array)
#1 /cpaneldisk/home/skyshore/public_html/razorpay/razorpay-php/libs/Requests-1.6.1/library/Requests.php(317): Requests_Transport_cURL->request('https://api.raz...', Array, Array, Array)
#2 /cpaneldisk/home/skyshore/public_html/razorpay/razorpay-php/src/Request.php(42): Requests::request('https://api.raz...', Array, Array, 'POST', Array)
#3 /cpaneldisk/home/skyshore/public_html/razorpay/razorpay-php/src/Entity.php(59): Razorpay\Api\Request->request('POST', 'https://api.raz...', Array)
#4 /cpaneldisk/home/skyshore/public_html/razorpay/razorpay-php/src/Entity.php(15): Razorpay\Api\Entity->reques in /cpaneldisk/home/skyshore/public_html/razorpay/razorpay-php/libs/Requests-1.6.1/library/Requests/Transport/cURL.php on line 280
[05-Mar-2024 07:05:57 UTC] PHP Warning:  session_start(): Cannot start session when headers already sent in /cpaneldisk/home/skyshore/public_html/razorpay/test.php on line 9
[05-Mar-2024 07:05:57 UTC] PHP Fatal error:  Uncaught Requests_Exception: cURL error 60: SSL certificate problem: unable to get local issuer certificate in /cpaneldisk/home/skyshore/public_html/razorpay/razorpay-php/libs/Requests-1.6.1/library/Requests/Transport/cURL.php:280
Stack trace:
#0 /cpaneldisk/home/skyshore/public_html/razorpay/razorpay-php/libs/Requests-1.6.1/library/Requests/Transport/cURL.php(123): Requests_Transport_cURL->process_response(false, Array)
#1 /cpaneldisk/home/skyshore/public_html/razorpay/razorpay-php/libs/Requests-1.6.1/library/Requests.php(317): Requests_Transport_cURL->request('https://api.raz...', Array, Array, Array)
#2 /cpaneldisk/home/skyshore/public_html/razorpay/razorpay-php/src/Request.php(42): Requests::request('https://api.raz...', Array, Array, 'POST', Array)
#3 /cpaneldisk/home/skyshore/public_html/razorpay/razorpay-php/src/Entity.php(59): Razorpay\Api\Request->request('POST', 'https://api.raz...', Array)
#4 /cpaneldisk/home/skyshore/public_html/razorpay/razorpay-php/src/Entity.php(15): Razorpay\Api\Entity->reques in /cpaneldisk/home/skyshore/public_html/razorpay/razorpay-php/libs/Requests-1.6.1/library/Requests/Transport/cURL.php on line 280
[05-Mar-2024 07:05:57 UTC] PHP Warning:  session_start(): Cannot start session when headers already sent in /cpaneldisk/home/skyshore/public_html/razorpay/test.php on line 9
[05-Mar-2024 07:05:58 UTC] PHP Fatal error:  Uncaught Requests_Exception: cURL error 60: SSL certificate problem: unable to get local issuer certificate in /cpaneldisk/home/skyshore/public_html/razorpay/razorpay-php/libs/Requests-1.6.1/library/Requests/Transport/cURL.php:280
Stack trace:
#0 /cpaneldisk/home/skyshore/public_html/razorpay/razorpay-php/libs/Requests-1.6.1/library/Requests/Transport/cURL.php(123): Requests_Transport_cURL->process_response(false, Array)
#1 /cpaneldisk/home/skyshore/public_html/razorpay/razorpay-php/libs/Requests-1.6.1/library/Requests.php(317): Requests_Transport_cURL->request('https://api.raz...', Array, Array, Array)
#2 /cpaneldisk/home/skyshore/public_html/razorpay/razorpay-php/src/Request.php(42): Requests::request('https://api.raz...', Array, Array, 'POST', Array)
#3 /cpaneldisk/home/skyshore/public_html/razorpay/razorpay-php/src/Entity.php(59): Razorpay\Api\Request->request('POST', 'https://api.raz...', Array)
#4 /cpaneldisk/home/skyshore/public_html/razorpay/razorpay-php/src/Entity.php(15): Razorpay\Api\Entity->reques in /cpaneldisk/home/skyshore/public_html/razorpay/razorpay-php/libs/Requests-1.6.1/library/Requests/Transport/cURL.php on line 280
[05-Mar-2024 07:06:06 UTC] PHP Fatal error:  Uncaught Requests_Exception: cURL error 60: SSL certificate problem: unable to get local issuer certificate in /cpaneldisk/home/skyshore/public_html/razorpay/razorpay-php/libs/Requests-1.6.1/library/Requests/Transport/cURL.php:280
Stack trace:
#0 /cpaneldisk/home/skyshore/public_html/razorpay/razorpay-php/libs/Requests-1.6.1/library/Requests/Transport/cURL.php(123): Requests_Transport_cURL->process_response(false, Array)
#1 /cpaneldisk/home/skyshore/public_html/razorpay/razorpay-php/libs/Requests-1.6.1/library/Requests.php(317): Requests_Transport_cURL->request('https://api.raz...', Array, Array, Array)
#2 /cpaneldisk/home/skyshore/public_html/razorpay/razorpay-php/src/Request.php(42): Requests::request('https://api.raz...', Array, Array, 'POST', Array)
#3 /cpaneldisk/home/skyshore/public_html/razorpay/razorpay-php/src/Entity.php(59): Razorpay\Api\Request->request('POST', 'https://api.raz...', Array)
#4 /cpaneldisk/home/skyshore/public_html/razorpay/razorpay-php/src/Entity.php(15): Razorpay\Api\Entity->reques in /cpaneldisk/home/skyshore/public_html/razorpay/razorpay-php/libs/Requests-1.6.1/library/Requests/Transport/cURL.php on line 280
[05-Mar-2024 07:06:07 UTC] PHP Fatal error:  Uncaught Requests_Exception: cURL error 60: SSL certificate problem: unable to get local issuer certificate in /cpaneldisk/home/skyshore/public_html/razorpay/razorpay-php/libs/Requests-1.6.1/library/Requests/Transport/cURL.php:280
Stack trace:
#0 /cpaneldisk/home/skyshore/public_html/razorpay/razorpay-php/libs/Requests-1.6.1/library/Requests/Transport/cURL.php(123): Requests_Transport_cURL->process_response(false, Array)
#1 /cpaneldisk/home/skyshore/public_html/razorpay/razorpay-php/libs/Requests-1.6.1/library/Requests.php(317): Requests_Transport_cURL->request('https://api.raz...', Array, Array, Array)
#2 /cpaneldisk/home/skyshore/public_html/razorpay/razorpay-php/src/Request.php(42): Requests::request('https://api.raz...', Array, Array, 'POST', Array)
#3 /cpaneldisk/home/skyshore/public_html/razorpay/razorpay-php/src/Entity.php(59): Razorpay\Api\Request->request('POST', 'https://api.raz...', Array)
#4 /cpaneldisk/home/skyshore/public_html/razorpay/razorpay-php/src/Entity.php(15): Razorpay\Api\Entity->reques in /cpaneldisk/home/skyshore/public_html/razorpay/razorpay-php/libs/Requests-1.6.1/library/Requests/Transport/cURL.php on line 280
[05-Mar-2024 07:06:07 UTC] PHP Fatal error:  Uncaught Requests_Exception: cURL error 60: SSL certificate problem: unable to get local issuer certificate in /cpaneldisk/home/skyshore/public_html/razorpay/razorpay-php/libs/Requests-1.6.1/library/Requests/Transport/cURL.php:280
Stack trace:
#0 /cpaneldisk/home/skyshore/public_html/razorpay/razorpay-php/libs/Requests-1.6.1/library/Requests/Transport/cURL.php(123): Requests_Transport_cURL->process_response(false, Array)
#1 /cpaneldisk/home/skyshore/public_html/razorpay/razorpay-php/libs/Requests-1.6.1/library/Requests.php(317): Requests_Transport_cURL->request('https://api.raz...', Array, Array, Array)
#2 /cpaneldisk/home/skyshore/public_html/razorpay/razorpay-php/src/Request.php(42): Requests::request('https://api.raz...', Array, Array, 'POST', Array)
#3 /cpaneldisk/home/skyshore/public_html/razorpay/razorpay-php/src/Entity.php(59): Razorpay\Api\Request->request('POST', 'https://api.raz...', Array)
#4 /cpaneldisk/home/skyshore/public_html/razorpay/razorpay-php/src/Entity.php(15): Razorpay\Api\Entity->reques in /cpaneldisk/home/skyshore/public_html/razorpay/razorpay-php/libs/Requests-1.6.1/library/Requests/Transport/cURL.php on line 280
[05-Mar-2024 07:06:07 UTC] PHP Fatal error:  Uncaught Requests_Exception: cURL error 60: SSL certificate problem: unable to get local issuer certificate in /cpaneldisk/home/skyshore/public_html/razorpay/razorpay-php/libs/Requests-1.6.1/library/Requests/Transport/cURL.php:280
Stack trace:
#0 /cpaneldisk/home/skyshore/public_html/razorpay/razorpay-php/libs/Requests-1.6.1/library/Requests/Transport/cURL.php(123): Requests_Transport_cURL->process_response(false, Array)
#1 /cpaneldisk/home/skyshore/public_html/razorpay/razorpay-php/libs/Requests-1.6.1/library/Requests.php(317): Requests_Transport_cURL->request('https://api.raz...', Array, Array, Array)
#2 /cpaneldisk/home/skyshore/public_html/razorpay/razorpay-php/src/Request.php(42): Requests::request('https://api.raz...', Array, Array, 'POST', Array)
#3 /cpaneldisk/home/skyshore/public_html/razorpay/razorpay-php/src/Entity.php(59): Razorpay\Api\Request->request('POST', 'https://api.raz...', Array)
#4 /cpaneldisk/home/skyshore/public_html/razorpay/razorpay-php/src/Entity.php(15): Razorpay\Api\Entity->reques in /cpaneldisk/home/skyshore/public_html/razorpay/razorpay-php/libs/Requests-1.6.1/library/Requests/Transport/cURL.php on line 280
[05-Mar-2024 07:06:08 UTC] PHP Fatal error:  Uncaught Requests_Exception: cURL error 60: SSL certificate problem: unable to get local issuer certificate in /cpaneldisk/home/skyshore/public_html/razorpay/razorpay-php/libs/Requests-1.6.1/library/Requests/Transport/cURL.php:280
Stack trace:
#0 /cpaneldisk/home/skyshore/public_html/razorpay/razorpay-php/libs/Requests-1.6.1/library/Requests/Transport/cURL.php(123): Requests_Transport_cURL->process_response(false, Array)
#1 /cpaneldisk/home/skyshore/public_html/razorpay/razorpay-php/libs/Requests-1.6.1/library/Requests.php(317): Requests_Transport_cURL->request('https://api.raz...', Array, Array, Array)
#2 /cpaneldisk/home/skyshore/public_html/razorpay/razorpay-php/src/Request.php(42): Requests::request('https://api.raz...', Array, Array, 'POST', Array)
#3 /cpaneldisk/home/skyshore/public_html/razorpay/razorpay-php/src/Entity.php(59): Razorpay\Api\Request->request('POST', 'https://api.raz...', Array)
#4 /cpaneldisk/home/skyshore/public_html/razorpay/razorpay-php/src/Entity.php(15): Razorpay\Api\Entity->reques in /cpaneldisk/home/skyshore/public_html/razorpay/razorpay-php/libs/Requests-1.6.1/library/Requests/Transport/cURL.php on line 280
[05-Mar-2024 07:06:08 UTC] PHP Fatal error:  Uncaught Requests_Exception: cURL error 60: SSL certificate problem: unable to get local issuer certificate in /cpaneldisk/home/skyshore/public_html/razorpay/razorpay-php/libs/Requests-1.6.1/library/Requests/Transport/cURL.php:280
Stack trace:
#0 /cpaneldisk/home/skyshore/public_html/razorpay/razorpay-php/libs/Requests-1.6.1/library/Requests/Transport/cURL.php(123): Requests_Transport_cURL->process_response(false, Array)
#1 /cpaneldisk/home/skyshore/public_html/razorpay/razorpay-php/libs/Requests-1.6.1/library/Requests.php(317): Requests_Transport_cURL->request('https://api.raz...', Array, Array, Array)
#2 /cpaneldisk/home/skyshore/public_html/razorpay/razorpay-php/src/Request.php(42): Requests::request('https://api.raz...', Array, Array, 'POST', Array)
#3 /cpaneldisk/home/skyshore/public_html/razorpay/razorpay-php/src/Entity.php(59): Razorpay\Api\Request->request('POST', 'https://api.raz...', Array)
#4 /cpaneldisk/home/skyshore/public_html/razorpay/razorpay-php/src/Entity.php(15): Razorpay\Api\Entity->reques in /cpaneldisk/home/skyshore/public_html/razorpay/razorpay-php/libs/Requests-1.6.1/library/Requests/Transport/cURL.php on line 280
[05-Mar-2024 07:06:08 UTC] PHP Fatal error:  Uncaught Requests_Exception: cURL error 60: SSL certificate problem: unable to get local issuer certificate in /cpaneldisk/home/skyshore/public_html/razorpay/razorpay-php/libs/Requests-1.6.1/library/Requests/Transport/cURL.php:280
Stack trace:
#0 /cpaneldisk/home/skyshore/public_html/razorpay/razorpay-php/libs/Requests-1.6.1/library/Requests/Transport/cURL.php(123): Requests_Transport_cURL->process_response(false, Array)
#1 /cpaneldisk/home/skyshore/public_html/razorpay/razorpay-php/libs/Requests-1.6.1/library/Requests.php(317): Requests_Transport_cURL->request('https://api.raz...', Array, Array, Array)
#2 /cpaneldisk/home/skyshore/public_html/razorpay/razorpay-php/src/Request.php(42): Requests::request('https://api.raz...', Array, Array, 'POST', Array)
#3 /cpaneldisk/home/skyshore/public_html/razorpay/razorpay-php/src/Entity.php(59): Razorpay\Api\Request->request('POST', 'https://api.raz...', Array)
#4 /cpaneldisk/home/skyshore/public_html/razorpay/razorpay-php/src/Entity.php(15): Razorpay\Api\Entity->reques in /cpaneldisk/home/skyshore/public_html/razorpay/razorpay-php/libs/Requests-1.6.1/library/Requests/Transport/cURL.php on line 280
[05-Mar-2024 07:06:08 UTC] PHP Fatal error:  Uncaught Requests_Exception: cURL error 60: SSL certificate problem: unable to get local issuer certificate in /cpaneldisk/home/skyshore/public_html/razorpay/razorpay-php/libs/Requests-1.6.1/library/Requests/Transport/cURL.php:280
Stack trace:
#0 /cpaneldisk/home/skyshore/public_html/razorpay/razorpay-php/libs/Requests-1.6.1/library/Requests/Transport/cURL.php(123): Requests_Transport_cURL->process_response(false, Array)
#1 /cpaneldisk/home/skyshore/public_html/razorpay/razorpay-php/libs/Requests-1.6.1/library/Requests.php(317): Requests_Transport_cURL->request('https://api.raz...', Array, Array, Array)
#2 /cpaneldisk/home/skyshore/public_html/razorpay/razorpay-php/src/Request.php(42): Requests::request('https://api.raz...', Array, Array, 'POST', Array)
#3 /cpaneldisk/home/skyshore/public_html/razorpay/razorpay-php/src/Entity.php(59): Razorpay\Api\Request->request('POST', 'https://api.raz...', Array)
#4 /cpaneldisk/home/skyshore/public_html/razorpay/razorpay-php/src/Entity.php(15): Razorpay\Api\Entity->reques in /cpaneldisk/home/skyshore/public_html/razorpay/razorpay-php/libs/Requests-1.6.1/library/Requests/Transport/cURL.php on line 280
[05-Mar-2024 07:06:08 UTC] PHP Fatal error:  Uncaught Requests_Exception: cURL error 60: SSL certificate problem: unable to get local issuer certificate in /cpaneldisk/home/skyshore/public_html/razorpay/razorpay-php/libs/Requests-1.6.1/library/Requests/Transport/cURL.php:280
Stack trace:
#0 /cpaneldisk/home/skyshore/public_html/razorpay/razorpay-php/libs/Requests-1.6.1/library/Requests/Transport/cURL.php(123): Requests_Transport_cURL->process_response(false, Array)
#1 /cpaneldisk/home/skyshore/public_html/razorpay/razorpay-php/libs/Requests-1.6.1/library/Requests.php(317): Requests_Transport_cURL->request('https://api.raz...', Array, Array, Array)
#2 /cpaneldisk/home/skyshore/public_html/razorpay/razorpay-php/src/Request.php(42): Requests::request('https://api.raz...', Array, Array, 'POST', Array)
#3 /cpaneldisk/home/skyshore/public_html/razorpay/razorpay-php/src/Entity.php(59): Razorpay\Api\Request->request('POST', 'https://api.raz...', Array)
#4 /cpaneldisk/home/skyshore/public_html/razorpay/razorpay-php/src/Entity.php(15): Razorpay\Api\Entity->reques in /cpaneldisk/home/skyshore/public_html/razorpay/razorpay-php/libs/Requests-1.6.1/library/Requests/Transport/cURL.php on line 280
[05-Mar-2024 07:06:08 UTC] PHP Fatal error:  Uncaught Requests_Exception: cURL error 60: SSL certificate problem: unable to get local issuer certificate in /cpaneldisk/home/skyshore/public_html/razorpay/razorpay-php/libs/Requests-1.6.1/library/Requests/Transport/cURL.php:280
Stack trace:
#0 /cpaneldisk/home/skyshore/public_html/razorpay/razorpay-php/libs/Requests-1.6.1/library/Requests/Transport/cURL.php(123): Requests_Transport_cURL->process_response(false, Array)
#1 /cpaneldisk/home/skyshore/public_html/razorpay/razorpay-php/libs/Requests-1.6.1/library/Requests.php(317): Requests_Transport_cURL->request('https://api.raz...', Array, Array, Array)
#2 /cpaneldisk/home/skyshore/public_html/razorpay/razorpay-php/src/Request.php(42): Requests::request('https://api.raz...', Array, Array, 'POST', Array)
#3 /cpaneldisk/home/skyshore/public_html/razorpay/razorpay-php/src/Entity.php(59): Razorpay\Api\Request->request('POST', 'https://api.raz...', Array)
#4 /cpaneldisk/home/skyshore/public_html/razorpay/razorpay-php/src/Entity.php(15): Razorpay\Api\Entity->reques in /cpaneldisk/home/skyshore/public_html/razorpay/razorpay-php/libs/Requests-1.6.1/library/Requests/Transport/cURL.php on line 280
[05-Mar-2024 07:06:08 UTC] PHP Fatal error:  Uncaught Requests_Exception: cURL error 60: SSL certificate problem: unable to get local issuer certificate in /cpaneldisk/home/skyshore/public_html/razorpay/razorpay-php/libs/Requests-1.6.1/library/Requests/Transport/cURL.php:280
Stack trace:
#0 /cpaneldisk/home/skyshore/public_html/razorpay/razorpay-php/libs/Requests-1.6.1/library/Requests/Transport/cURL.php(123): Requests_Transport_cURL->process_response(false, Array)
#1 /cpaneldisk/home/skyshore/public_html/razorpay/razorpay-php/libs/Requests-1.6.1/library/Requests.php(317): Requests_Transport_cURL->request('https://api.raz...', Array, Array, Array)
#2 /cpaneldisk/home/skyshore/public_html/razorpay/razorpay-php/src/Request.php(42): Requests::request('https://api.raz...', Array, Array, 'POST', Array)
#3 /cpaneldisk/home/skyshore/public_html/razorpay/razorpay-php/src/Entity.php(59): Razorpay\Api\Request->request('POST', 'https://api.raz...', Array)
#4 /cpaneldisk/home/skyshore/public_html/razorpay/razorpay-php/src/Entity.php(15): Razorpay\Api\Entity->reques in /cpaneldisk/home/skyshore/public_html/razorpay/razorpay-php/libs/Requests-1.6.1/library/Requests/Transport/cURL.php on line 280
[05-Mar-2024 07:06:08 UTC] PHP Fatal error:  Uncaught Requests_Exception: cURL error 60: SSL certificate problem: unable to get local issuer certificate in /cpaneldisk/home/skyshore/public_html/razorpay/razorpay-php/libs/Requests-1.6.1/library/Requests/Transport/cURL.php:280
Stack trace:
#0 /cpaneldisk/home/skyshore/public_html/razorpay/razorpay-php/libs/Requests-1.6.1/library/Requests/Transport/cURL.php(123): Requests_Transport_cURL->process_response(false, Array)
#1 /cpaneldisk/home/skyshore/public_html/razorpay/razorpay-php/libs/Requests-1.6.1/library/Requests.php(317): Requests_Transport_cURL->request('https://api.raz...', Array, Array, Array)
#2 /cpaneldisk/home/skyshore/public_html/razorpay/razorpay-php/src/Request.php(42): Requests::request('https://api.raz...', Array, Array, 'POST', Array)
#3 /cpaneldisk/home/skyshore/public_html/razorpay/razorpay-php/src/Entity.php(59): Razorpay\Api\Request->request('POST', 'https://api.raz...', Array)
#4 /cpaneldisk/home/skyshore/public_html/razorpay/razorpay-php/src/Entity.php(15): Razorpay\Api\Entity->reques in /cpaneldisk/home/skyshore/public_html/razorpay/razorpay-php/libs/Requests-1.6.1/library/Requests/Transport/cURL.php on line 280
[05-Mar-2024 07:06:22 UTC] PHP Fatal error:  Uncaught Requests_Exception: cURL error 60: SSL certificate problem: unable to get local issuer certificate in /cpaneldisk/home/skyshore/public_html/razorpay/razorpay-php/libs/Requests-1.6.1/library/Requests/Transport/cURL.php:280
Stack trace:
#0 /cpaneldisk/home/skyshore/public_html/razorpay/razorpay-php/libs/Requests-1.6.1/library/Requests/Transport/cURL.php(123): Requests_Transport_cURL->process_response(false, Array)
#1 /cpaneldisk/home/skyshore/public_html/razorpay/razorpay-php/libs/Requests-1.6.1/library/Requests.php(317): Requests_Transport_cURL->request('https://api.raz...', Array, Array, Array)
#2 /cpaneldisk/home/skyshore/public_html/razorpay/razorpay-php/src/Request.php(42): Requests::request('https://api.raz...', Array, Array, 'POST', Array)
#3 /cpaneldisk/home/skyshore/public_html/razorpay/razorpay-php/src/Entity.php(59): Razorpay\Api\Request->request('POST', 'https://api.raz...', Array)
#4 /cpaneldisk/home/skyshore/public_html/razorpay/razorpay-php/src/Entity.php(15): Razorpay\Api\Entity->reques in /cpaneldisk/home/skyshore/public_html/razorpay/razorpay-php/libs/Requests-1.6.1/library/Requests/Transport/cURL.php on line 280
[05-Mar-2024 07:06:32 UTC] PHP Fatal error:  Uncaught Requests_Exception: cURL error 60: SSL certificate problem: unable to get local issuer certificate in /cpaneldisk/home/skyshore/public_html/razorpay/razorpay-php/libs/Requests-1.6.1/library/Requests/Transport/cURL.php:280
Stack trace:
#0 /cpaneldisk/home/skyshore/public_html/razorpay/razorpay-php/libs/Requests-1.6.1/library/Requests/Transport/cURL.php(123): Requests_Transport_cURL->process_response(false, Array)
#1 /cpaneldisk/home/skyshore/public_html/razorpay/razorpay-php/libs/Requests-1.6.1/library/Requests.php(317): Requests_Transport_cURL->request('https://api.raz...', Array, Array, Array)
#2 /cpaneldisk/home/skyshore/public_html/razorpay/razorpay-php/src/Request.php(42): Requests::request('https://api.raz...', Array, Array, 'POST', Array)
#3 /cpaneldisk/home/skyshore/public_html/razorpay/razorpay-php/src/Entity.php(59): Razorpay\Api\Request->request('POST', 'https://api.raz...', Array)
#4 /cpaneldisk/home/skyshore/public_html/razorpay/razorpay-php/src/Entity.php(15): Razorpay\Api\Entity->reques in /cpaneldisk/home/skyshore/public_html/razorpay/razorpay-php/libs/Requests-1.6.1/library/Requests/Transport/cURL.php on line 280
[05-Mar-2024 07:06:42 UTC] PHP Fatal error:  Uncaught Requests_Exception: cURL error 60: SSL certificate problem: unable to get local issuer certificate in /cpaneldisk/home/skyshore/public_html/razorpay/razorpay-php/libs/Requests-1.6.1/library/Requests/Transport/cURL.php:280
Stack trace:
#0 /cpaneldisk/home/skyshore/public_html/razorpay/razorpay-php/libs/Requests-1.6.1/library/Requests/Transport/cURL.php(123): Requests_Transport_cURL->process_response(false, Array)
#1 /cpaneldisk/home/skyshore/public_html/razorpay/razorpay-php/libs/Requests-1.6.1/library/Requests.php(317): Requests_Transport_cURL->request('https://api.raz...', Array, Array, Array)
#2 /cpaneldisk/home/skyshore/public_html/razorpay/razorpay-php/src/Request.php(42): Requests::request('https://api.raz...', Array, Array, 'POST', Array)
#3 /cpaneldisk/home/skyshore/public_html/razorpay/razorpay-php/src/Entity.php(59): Razorpay\Api\Request->request('POST', 'https://api.raz...', Array)
#4 /cpaneldisk/home/skyshore/public_html/razorpay/razorpay-php/src/Entity.php(15): Razorpay\Api\Entity->reques in /cpaneldisk/home/skyshore/public_html/razorpay/razorpay-php/libs/Requests-1.6.1/library/Requests/Transport/cURL.php on line 280
[05-Mar-2024 07:07:08 UTC] PHP Fatal error:  Uncaught Requests_Exception: cURL error 60: SSL certificate problem: unable to get local issuer certificate in /cpaneldisk/home/skyshore/public_html/razorpay/razorpay-php/libs/Requests-1.6.1/library/Requests/Transport/cURL.php:280
Stack trace:
#0 /cpaneldisk/home/skyshore/public_html/razorpay/razorpay-php/libs/Requests-1.6.1/library/Requests/Transport/cURL.php(123): Requests_Transport_cURL->process_response(false, Array)
#1 /cpaneldisk/home/skyshore/public_html/razorpay/razorpay-php/libs/Requests-1.6.1/library/Requests.php(317): Requests_Transport_cURL->request('https://api.raz...', Array, Array, Array)
#2 /cpaneldisk/home/skyshore/public_html/razorpay/razorpay-php/src/Request.php(42): Requests::request('https://api.raz...', Array, Array, 'POST', Array)
#3 /cpaneldisk/home/skyshore/public_html/razorpay/razorpay-php/src/Entity.php(59): Razorpay\Api\Request->request('POST', 'https://api.raz...', Array)
#4 /cpaneldisk/home/skyshore/public_html/razorpay/razorpay-php/src/Entity.php(15): Razorpay\Api\Entity->reques in /cpaneldisk/home/skyshore/public_html/razorpay/razorpay-php/libs/Requests-1.6.1/library/Requests/Transport/cURL.php on line 280
[05-Mar-2024 07:07:09 UTC] PHP Fatal error:  Uncaught Requests_Exception: cURL error 60: SSL certificate problem: unable to get local issuer certificate in /cpaneldisk/home/skyshore/public_html/razorpay/razorpay-php/libs/Requests-1.6.1/library/Requests/Transport/cURL.php:280
Stack trace:
#0 /cpaneldisk/home/skyshore/public_html/razorpay/razorpay-php/libs/Requests-1.6.1/library/Requests/Transport/cURL.php(123): Requests_Transport_cURL->process_response(false, Array)
#1 /cpaneldisk/home/skyshore/public_html/razorpay/razorpay-php/libs/Requests-1.6.1/library/Requests.php(317): Requests_Transport_cURL->request('https://api.raz...', Array, Array, Array)
#2 /cpaneldisk/home/skyshore/public_html/razorpay/razorpay-php/src/Request.php(42): Requests::request('https://api.raz...', Array, Array, 'POST', Array)
#3 /cpaneldisk/home/skyshore/public_html/razorpay/razorpay-php/src/Entity.php(59): Razorpay\Api\Request->request('POST', 'https://api.raz...', Array)
#4 /cpaneldisk/home/skyshore/public_html/razorpay/razorpay-php/src/Entity.php(15): Razorpay\Api\Entity->reques in /cpaneldisk/home/skyshore/public_html/razorpay/razorpay-php/libs/Requests-1.6.1/library/Requests/Transport/cURL.php on line 280
[05-Mar-2024 07:07:10 UTC] PHP Fatal error:  Uncaught Requests_Exception: cURL error 60: SSL certificate problem: unable to get local issuer certificate in /cpaneldisk/home/skyshore/public_html/razorpay/razorpay-php/libs/Requests-1.6.1/library/Requests/Transport/cURL.php:280
Stack trace:
#0 /cpaneldisk/home/skyshore/public_html/razorpay/razorpay-php/libs/Requests-1.6.1/library/Requests/Transport/cURL.php(123): Requests_Transport_cURL->process_response(false, Array)
#1 /cpaneldisk/home/skyshore/public_html/razorpay/razorpay-php/libs/Requests-1.6.1/library/Requests.php(317): Requests_Transport_cURL->request('https://api.raz...', Array, Array, Array)
#2 /cpaneldisk/home/skyshore/public_html/razorpay/razorpay-php/src/Request.php(42): Requests::request('https://api.raz...', Array, Array, 'POST', Array)
#3 /cpaneldisk/home/skyshore/public_html/razorpay/razorpay-php/src/Entity.php(59): Razorpay\Api\Request->request('POST', 'https://api.raz...', Array)
#4 /cpaneldisk/home/skyshore/public_html/razorpay/razorpay-php/src/Entity.php(15): Razorpay\Api\Entity->reques in /cpaneldisk/home/skyshore/public_html/razorpay/razorpay-php/libs/Requests-1.6.1/library/Requests/Transport/cURL.php on line 280
[05-Mar-2024 07:07:10 UTC] PHP Fatal error:  Uncaught Requests_Exception: cURL error 60: SSL certificate problem: unable to get local issuer certificate in /cpaneldisk/home/skyshore/public_html/razorpay/razorpay-php/libs/Requests-1.6.1/library/Requests/Transport/cURL.php:280
Stack trace:
#0 /cpaneldisk/home/skyshore/public_html/razorpay/razorpay-php/libs/Requests-1.6.1/library/Requests/Transport/cURL.php(123): Requests_Transport_cURL->process_response(false, Array)
#1 /cpaneldisk/home/skyshore/public_html/razorpay/razorpay-php/libs/Requests-1.6.1/library/Requests.php(317): Requests_Transport_cURL->request('https://api.raz...', Array, Array, Array)
#2 /cpaneldisk/home/skyshore/public_html/razorpay/razorpay-php/src/Request.php(42): Requests::request('https://api.raz...', Array, Array, 'POST', Array)
#3 /cpaneldisk/home/skyshore/public_html/razorpay/razorpay-php/src/Entity.php(59): Razorpay\Api\Request->request('POST', 'https://api.raz...', Array)
#4 /cpaneldisk/home/skyshore/public_html/razorpay/razorpay-php/src/Entity.php(15): Razorpay\Api\Entity->reques in /cpaneldisk/home/skyshore/public_html/razorpay/razorpay-php/libs/Requests-1.6.1/library/Requests/Transport/cURL.php on line 280
[05-Mar-2024 07:08:15 UTC] PHP Fatal error:  Uncaught Requests_Exception: cURL error 60: SSL certificate problem: unable to get local issuer certificate in /cpaneldisk/home/skyshore/public_html/razorpay/razorpay-php/libs/Requests-1.6.1/library/Requests/Transport/cURL.php:280
Stack trace:
#0 /cpaneldisk/home/skyshore/public_html/razorpay/razorpay-php/libs/Requests-1.6.1/library/Requests/Transport/cURL.php(123): Requests_Transport_cURL->process_response(false, Array)
#1 /cpaneldisk/home/skyshore/public_html/razorpay/razorpay-php/libs/Requests-1.6.1/library/Requests.php(317): Requests_Transport_cURL->request('https://api.raz...', Array, Array, Array)
#2 /cpaneldisk/home/skyshore/public_html/razorpay/razorpay-php/src/Request.php(42): Requests::request('https://api.raz...', Array, Array, 'POST', Array)
#3 /cpaneldisk/home/skyshore/public_html/razorpay/razorpay-php/src/Entity.php(59): Razorpay\Api\Request->request('POST', 'https://api.raz...', Array)
#4 /cpaneldisk/home/skyshore/public_html/razorpay/razorpay-php/src/Entity.php(15): Razorpay\Api\Entity->reques in /cpaneldisk/home/skyshore/public_html/razorpay/razorpay-php/libs/Requests-1.6.1/library/Requests/Transport/cURL.php on line 280
[05-Mar-2024 07:08:15 UTC] PHP Fatal error:  Uncaught Requests_Exception: cURL error 60: SSL certificate problem: unable to get local issuer certificate in /cpaneldisk/home/skyshore/public_html/razorpay/razorpay-php/libs/Requests-1.6.1/library/Requests/Transport/cURL.php:280
Stack trace:
#0 /cpaneldisk/home/skyshore/public_html/razorpay/razorpay-php/libs/Requests-1.6.1/library/Requests/Transport/cURL.php(123): Requests_Transport_cURL->process_response(false, Array)
#1 /cpaneldisk/home/skyshore/public_html/razorpay/razorpay-php/libs/Requests-1.6.1/library/Requests.php(317): Requests_Transport_cURL->request('https://api.raz...', Array, Array, Array)
#2 /cpaneldisk/home/skyshore/public_html/razorpay/razorpay-php/src/Request.php(42): Requests::request('https://api.raz...', Array, Array, 'POST', Array)
#3 /cpaneldisk/home/skyshore/public_html/razorpay/razorpay-php/src/Entity.php(59): Razorpay\Api\Request->request('POST', 'https://api.raz...', Array)
#4 /cpaneldisk/home/skyshore/public_html/razorpay/razorpay-php/src/Entity.php(15): Razorpay\Api\Entity->reques in /cpaneldisk/home/skyshore/public_html/razorpay/razorpay-php/libs/Requests-1.6.1/library/Requests/Transport/cURL.php on line 280
[05-Mar-2024 07:08:15 UTC] PHP Fatal error:  Uncaught Requests_Exception: cURL error 60: SSL certificate problem: unable to get local issuer certificate in /cpaneldisk/home/skyshore/public_html/razorpay/razorpay-php/libs/Requests-1.6.1/library/Requests/Transport/cURL.php:280
Stack trace:
#0 /cpaneldisk/home/skyshore/public_html/razorpay/razorpay-php/libs/Requests-1.6.1/library/Requests/Transport/cURL.php(123): Requests_Transport_cURL->process_response(false, Array)
#1 /cpaneldisk/home/skyshore/public_html/razorpay/razorpay-php/libs/Requests-1.6.1/library/Requests.php(317): Requests_Transport_cURL->request('https://api.raz...', Array, Array, Array)
#2 /cpaneldisk/home/skyshore/public_html/razorpay/razorpay-php/src/Request.php(42): Requests::request('https://api.raz...', Array, Array, 'POST', Array)
#3 /cpaneldisk/home/skyshore/public_html/razorpay/razorpay-php/src/Entity.php(59): Razorpay\Api\Request->request('POST', 'https://api.raz...', Array)
#4 /cpaneldisk/home/skyshore/public_html/razorpay/razorpay-php/src/Entity.php(15): Razorpay\Api\Entity->reques in /cpaneldisk/home/skyshore/public_html/razorpay/razorpay-php/libs/Requests-1.6.1/library/Requests/Transport/cURL.php on line 280
[05-Mar-2024 07:08:16 UTC] PHP Fatal error:  Uncaught Requests_Exception: cURL error 60: SSL certificate problem: unable to get local issuer certificate in /cpaneldisk/home/skyshore/public_html/razorpay/razorpay-php/libs/Requests-1.6.1/library/Requests/Transport/cURL.php:280
Stack trace:
#0 /cpaneldisk/home/skyshore/public_html/razorpay/razorpay-php/libs/Requests-1.6.1/library/Requests/Transport/cURL.php(123): Requests_Transport_cURL->process_response(false, Array)
#1 /cpaneldisk/home/skyshore/public_html/razorpay/razorpay-php/libs/Requests-1.6.1/library/Requests.php(317): Requests_Transport_cURL->request('https://api.raz...', Array, Array, Array)
#2 /cpaneldisk/home/skyshore/public_html/razorpay/razorpay-php/src/Request.php(42): Requests::request('https://api.raz...', Array, Array, 'POST', Array)
#3 /cpaneldisk/home/skyshore/public_html/razorpay/razorpay-php/src/Entity.php(59): Razorpay\Api\Request->request('POST', 'https://api.raz...', Array)
#4 /cpaneldisk/home/skyshore/public_html/razorpay/razorpay-php/src/Entity.php(15): Razorpay\Api\Entity->reques in /cpaneldisk/home/skyshore/public_html/razorpay/razorpay-php/libs/Requests-1.6.1/library/Requests/Transport/cURL.php on line 280
[05-Mar-2024 07:08:16 UTC] PHP Fatal error:  Uncaught Requests_Exception: cURL error 60: SSL certificate problem: unable to get local issuer certificate in /cpaneldisk/home/skyshore/public_html/razorpay/razorpay-php/libs/Requests-1.6.1/library/Requests/Transport/cURL.php:280
Stack trace:
#0 /cpaneldisk/home/skyshore/public_html/razorpay/razorpay-php/libs/Requests-1.6.1/library/Requests/Transport/cURL.php(123): Requests_Transport_cURL->process_response(false, Array)
#1 /cpaneldisk/home/skyshore/public_html/razorpay/razorpay-php/libs/Requests-1.6.1/library/Requests.php(317): Requests_Transport_cURL->request('https://api.raz...', Array, Array, Array)
#2 /cpaneldisk/home/skyshore/public_html/razorpay/razorpay-php/src/Request.php(42): Requests::request('https://api.raz...', Array, Array, 'POST', Array)
#3 /cpaneldisk/home/skyshore/public_html/razorpay/razorpay-php/src/Entity.php(59): Razorpay\Api\Request->request('POST', 'https://api.raz...', Array)
#4 /cpaneldisk/home/skyshore/public_html/razorpay/razorpay-php/src/Entity.php(15): Razorpay\Api\Entity->reques in /cpaneldisk/home/skyshore/public_html/razorpay/razorpay-php/libs/Requests-1.6.1/library/Requests/Transport/cURL.php on line 280
[05-Mar-2024 07:08:16 UTC] PHP Fatal error:  Uncaught Requests_Exception: cURL error 60: SSL certificate problem: unable to get local issuer certificate in /cpaneldisk/home/skyshore/public_html/razorpay/razorpay-php/libs/Requests-1.6.1/library/Requests/Transport/cURL.php:280
Stack trace:
#0 /cpaneldisk/home/skyshore/public_html/razorpay/razorpay-php/libs/Requests-1.6.1/library/Requests/Transport/cURL.php(123): Requests_Transport_cURL->process_response(false, Array)
#1 /cpaneldisk/home/skyshore/public_html/razorpay/razorpay-php/libs/Requests-1.6.1/library/Requests.php(317): Requests_Transport_cURL->request('https://api.raz...', Array, Array, Array)
#2 /cpaneldisk/home/skyshore/public_html/razorpay/razorpay-php/src/Request.php(42): Requests::request('https://api.raz...', Array, Array, 'POST', Array)
#3 /cpaneldisk/home/skyshore/public_html/razorpay/razorpay-php/src/Entity.php(59): Razorpay\Api\Request->request('POST', 'https://api.raz...', Array)
#4 /cpaneldisk/home/skyshore/public_html/razorpay/razorpay-php/src/Entity.php(15): Razorpay\Api\Entity->reques in /cpaneldisk/home/skyshore/public_html/razorpay/razorpay-php/libs/Requests-1.6.1/library/Requests/Transport/cURL.php on line 280
[05-Mar-2024 07:08:31 UTC] PHP Fatal error:  Uncaught Requests_Exception: cURL error 60: SSL certificate problem: unable to get local issuer certificate in /cpaneldisk/home/skyshore/public_html/razorpay/razorpay-php/libs/Requests-1.6.1/library/Requests/Transport/cURL.php:280
Stack trace:
#0 /cpaneldisk/home/skyshore/public_html/razorpay/razorpay-php/libs/Requests-1.6.1/library/Requests/Transport/cURL.php(123): Requests_Transport_cURL->process_response(false, Array)
#1 /cpaneldisk/home/skyshore/public_html/razorpay/razorpay-php/libs/Requests-1.6.1/library/Requests.php(317): Requests_Transport_cURL->request('https://api.raz...', Array, Array, Array)
#2 /cpaneldisk/home/skyshore/public_html/razorpay/razorpay-php/src/Request.php(42): Requests::request('https://api.raz...', Array, Array, 'POST', Array)
#3 /cpaneldisk/home/skyshore/public_html/razorpay/razorpay-php/src/Entity.php(59): Razorpay\Api\Request->request('POST', 'https://api.raz...', Array)
#4 /cpaneldisk/home/skyshore/public_html/razorpay/razorpay-php/src/Entity.php(15): Razorpay\Api\Entity->reques in /cpaneldisk/home/skyshore/public_html/razorpay/razorpay-php/libs/Requests-1.6.1/library/Requests/Transport/cURL.php on line 280
